This is METAFONT, Version 2.71828182 (preloaded base=mf 2025.1.14)  1 MAR 2025 19:11
**"tf2 class icons.otf" tf2_class_icons.otf
(tf2 class icons.otf
! Text line contains an invalid character.
l.1 OTTO^^@
           
? qq
OK, entering batchmode...

! Interruption.
l.2 
    ^^@€^^@^^C^^@PCFF |¨Ù^^G^^@^^@^^ED^^@^^@šÁFFTM^^@^^\%^^@^^@Ôd^^@^^@^^@^...

? q
OK, entering batchmode...
! Text line contains an invalid character.
l.2 ^^@
       €^^@^^C^^@PCFF |¨Ù^^G^^@^^@^^ED^^@^^@šÁFFTM^^@^^\%^^@^^@Ôd^^@^^@^^@^...
A funny symbol that I can't read has just been input.
Continue, and I'll forget that it ever happened.

! Text line contains an invalid character.
l.2 ^^@€
        ^^@^^C^^@PCFF |¨Ù^^G^^@^^@^^ED^^@^^@šÁFFTM^^@^^\%^^@^^@Ôd^^@^^@^^@^...
A funny symbol that I can't read has just been input.
Continue, and I'll forget that it ever happened.

! Text line contains an invalid character.
l.2 ^^@€^^@
           ^^C^^@PCFF |¨Ù^^G^^@^^@^^ED^^@^^@šÁFFTM^^@^^\%^^@^^@Ôd^^@^^@^^@^...
A funny symbol that I can't read has just been input.
Continue, and I'll forget that it ever happened.

! Text line contains an invalid character.
l.2 ^^@€^^@^^C
              ^^@PCFF |¨Ù^^G^^@^^@^^ED^^@^^@šÁFFTM^^@^^\%^^@^^@Ôd^^@^^@^^@^...
A funny symbol that I can't read has just been input.
Continue, and I'll forget that it ever happened.

! Text line contains an invalid character.
l.2 ^^@€^^@^^C^^@
                 PCFF |¨Ù^^G^^@^^@^^ED^^@^^@šÁFFTM^^@^^\%^^@^^@Ôd^^@^^@^^@^...
A funny symbol that I can't read has just been input.
Continue, and I'll forget that it ever happened.

! Text line contains an invalid character.
l.2 ^^@€^^@^^C^^@PCFF |¨
                        Ù^^G^^@^^@^^ED^^@^^@šÁFFTM^^@^^\%^^@^^@Ôd^^@^^@^^@^...
A funny symbol that I can't read has just been input.
Continue, and I'll forget that it ever happened.

! Text line contains an invalid character.
l.2 ^^@€^^@^^C^^@PCFF |¨Ù
                         ^^G^^@^^@^^ED^^@^^@šÁFFTM^^@^^\%^^@^^@Ôd^^@^^@^^@^...
A funny symbol that I can't read has just been input.
Continue, and I'll forget that it ever happened.

! Text line contains an invalid character.
l.2 ^^@€^^@^^C^^@PCFF |¨Ù^^G
                            ^^@^^@^^ED^^@^^@šÁFFTM^^@^^\%^^@^^@Ôd^^@^^@^^@^...
A funny symbol that I can't read has just been input.
Continue, and I'll forget that it ever happened.

! Text line contains an invalid character.
l.2 ^^@€^^@^^C^^@PCFF |¨Ù^^G^^@
                               ^^@^^ED^^@^^@šÁFFTM^^@^^\%^^@^^@Ôd^^@^^@^^@^...
A funny symbol that I can't read has just been input.
Continue, and I'll forget that it ever happened.

! Text line contains an invalid character.
l.2 ^^@€^^@^^C^^@PCFF |¨Ù^^G^^@^^@
                                  ^^ED^^@^^@šÁFFTM^^@^^\%^^@^^@Ôd^^@^^@^^@^...
A funny symbol that I can't read has just been input.
Continue, and I'll forget that it ever happened.

! Text line contains an invalid character.
l.2 ^^@€^^@^^C^^@PCFF |¨Ù^^G^^@^^@^^E
                                     D^^@^^@šÁFFTM^^@^^\%^^@^^@Ôd^^@^^@^^@^...
A funny symbol that I can't read has just been input.
Continue, and I'll forget that it ever happened.

! Text line contains an invalid character.
l.2 ^^@€^^@^^C^^@PCFF |¨Ù^^G^^@^^@^^ED^^@
                                         ^^@šÁFFTM^^@^^\%^^@^^@Ôd^^@^^@^^@^...
A funny symbol that I can't read has just been input.
Continue, and I'll forget that it ever happened.

! Text line contains an invalid character.
l.2 ^^@€^^@^^C^^@PCFF |¨Ù^^G^^@^^@^^ED^^@^^@
                                            šÁFFTM^^@^^\%^^@^^@Ôd^^@^^@^^@^...
A funny symbol that I can't read has just been input.
Continue, and I'll forget that it ever happened.

! Text line contains an invalid character.
l.2 ^^@€^^@^^C^^@PCFF |¨Ù^^G^^@^^@^^ED^^@^^@š
                                             ÁFFTM^^@^^\%^^@^^@Ôd^^@^^@^^@^...
A funny symbol that I can't read has just been input.
Continue, and I'll forget that it ever happened.

! Text line contains an invalid character.
l.2 ^^@€^^@^^C^^@PCFF |¨Ù^^G^^@^^@^^ED^^@^^@šÁ
                                              FFTM^^@^^\%^^@^^@Ôd^^@^^@^^@^...
A funny symbol that I can't read has just been input.
Continue, and I'll forget that it ever happened.

! Text line contains an invalid character.
l.2 ...^^@^^C^^@PCFF |¨Ù^^G^^@^^@^^ED^^@^^@šÁFFTM
                                                  ^^@^^\%^^@^^@Ôd^^@^^@^^@^^...
A funny symbol that I can't read has just been input.
Continue, and I'll forget that it ever happened.

! Text line contains an invalid character.
l.2 ...^^C^^@PCFF |¨Ù^^G^^@^^@^^ED^^@^^@šÁFFTM^^@
                                                  ^^\%^^@^^@Ôd^^@^^@^^@^^\GD...
A funny symbol that I can't read has just been input.
Continue, and I'll forget that it ever happened.

! Text line contains an invalid character.
l.2 ...^^@PCFF |¨Ù^^G^^@^^@^^ED^^@^^@šÁFFTM^^@^^\
                                                  %^^@^^@Ôd^^@^^@^^@^^\GDEF^...
A funny symbol that I can't read has just been input.
Continue, and I'll forget that it ever happened.

! Text line contains an invalid character.
l.3 ^^A
       r^^@^^C^^@^^A^^D	^^@^^@^^@^^@^^@^^@^^@^^C^^@^^A^^D	^^@^^A^^@^^^^^@^^C...
A funny symbol that I can't read has just been input.
Continue, and I'll forget that it ever happened.

! Text line contains an invalid character.
l.3 ^^Ar^^@
           ^^C^^@^^A^^D	^^@^^@^^@^^@^^@^^@^^@^^C^^@^^A^^D	^^@^^A^^@^^^^^@^^C...
A funny symbol that I can't read has just been input.
Continue, and I'll forget that it ever happened.

! Text line contains an invalid character.
l.3 ^^Ar^^@^^C
              ^^@^^A^^D	^^@^^@^^@^^@^^@^^@^^@^^C^^@^^A^^D	^^@^^A^^@^^^^^@^^C...
A funny symbol that I can't read has just been input.
Continue, and I'll forget that it ever happened.

! Text line contains an invalid character.
l.3 ^^Ar^^@^^C^^@
                 ^^A^^D	^^@^^@^^@^^@^^@^^@^^@^^C^^@^^A^^D	^^@^^A^^@^^^^^@^^C...
A funny symbol that I can't read has just been input.
Continue, and I'll forget that it ever happened.

! Text line contains an invalid character.
l.3 ^^Ar^^@^^C^^@^^A
                    ^^D	^^@^^@^^@^^@^^@^^@^^@^^C^^@^^A^^D	^^@^^A^^@^^^^^@^^C...
A funny symbol that I can't read has just been input.
Continue, and I'll forget that it ever happened.

! Text line contains an invalid character.
l.3 ^^Ar^^@^^C^^@^^A^^D
                       	^^@^^@^^@^^@^^@^^@^^@^^C^^@^^A^^D	^^@^^A^^@^^^^^@^^C...
A funny symbol that I can't read has just been input.
Continue, and I'll forget that it ever happened.

! Text line contains an invalid character.
l.3 ^^Ar^^@^^C^^@^^A^^D	^^@
                           ^^@^^@^^@^^@^^@^^@^^C^^@^^A^^D	^^@^^A^^@^^^^^@^^C...
A funny symbol that I can't read has just been input.
Continue, and I'll forget that it ever happened.

! Text line contains an invalid character.
l.3 ^^Ar^^@^^C^^@^^A^^D	^^@^^@
                              ^^@^^@^^@^^@^^@^^C^^@^^A^^D	^^@^^A^^@^^^^^@^^C...
A funny symbol that I can't read has just been input.
Continue, and I'll forget that it ever happened.

! Text line contains an invalid character.
l.3 ^^Ar^^@^^C^^@^^A^^D	^^@^^@^^@
                                 ^^@^^@^^@^^@^^C^^@^^A^^D	^^@^^A^^@^^^^^@^^C...
A funny symbol that I can't read has just been input.
Continue, and I'll forget that it ever happened.

! Text line contains an invalid character.
l.3 ^^Ar^^@^^C^^@^^A^^D	^^@^^@^^@^^@
                                    ^^@^^@^^@^^C^^@^^A^^D	^^@^^A^^@^^^^^@^^C...
A funny symbol that I can't read has just been input.
Continue, and I'll forget that it ever happened.

! Text line contains an invalid character.
l.3 ^^Ar^^@^^C^^@^^A^^D	^^@^^@^^@^^@^^@
                                       ^^@^^@^^C^^@^^A^^D	^^@^^A^^@^^^^^@^^C...
A funny symbol that I can't read has just been input.
Continue, and I'll forget that it ever happened.

! Text line contains an invalid character.
l.3 ^^Ar^^@^^C^^@^^A^^D	^^@^^@^^@^^@^^@^^@
                                          ^^@^^C^^@^^A^^D	^^@^^A^^@^^^^^@^^C...
A funny symbol that I can't read has just been input.
Continue, and I'll forget that it ever happened.

! Text line contains an invalid character.
l.3 ^^Ar^^@^^C^^@^^A^^D	^^@^^@^^@^^@^^@^^@^^@
                                             ^^C^^@^^A^^D	^^@^^A^^@^^^^^@^^C...
A funny symbol that I can't read has just been input.
Continue, and I'll forget that it ever happened.

! Text line contains an invalid character.
l.3 ^^Ar^^@^^C^^@^^A^^D	^^@^^@^^@^^@^^@^^@^^@^^C
                                                ^^@^^A^^D	^^@^^A^^@^^^^^@^^C...
A funny symbol that I can't read has just been input.
Continue, and I'll forget that it ever happened.

! Text line contains an invalid character.
l.3 ...^^@^^C^^@^^A^^D	^^@^^@^^@^^@^^@^^@^^@^^C^^@
                                                  ^^A^^D	^^@^^A^^@^^^^^@^^C^...
A funny symbol that I can't read has just been input.
Continue, and I'll forget that it ever happened.

! Text line contains an invalid character.
l.3 ...^^C^^@^^A^^D	^^@^^@^^@^^@^^@^^@^^@^^C^^@^^A
                                                  ^^D	^^@^^A^^@^^^^^@^^C^^@^...
A funny symbol that I can't read has just been input.
Continue, and I'll forget that it ever happened.

! Text line contains an invalid character.
l.3 ...^^@^^A^^D	^^@^^@^^@^^@^^@^^@^^@^^C^^@^^A^^D
                                                  	^^@^^A^^@^^^^^@^^C^^@^^C^...
A funny symbol that I can't read has just been input.
Continue, and I'll forget that it ever happened.

! Text line contains an invalid character.
l.3 ...^A^^D	^^@^^@^^@^^@^^@^^@^^@^^C^^@^^A^^D	^^@
                                                  ^^A^^@^^^^^@^^C^^@^^C^^@^^...
A funny symbol that I can't read has just been input.
Continue, and I'll forget that it ever happened.

! Text line contains an invalid character.
l.3 ...^D	^^@^^@^^@^^@^^@^^@^^@^^C^^@^^A^^D	^^@^^A
                                                  ^^@^^^^^@^^C^^@^^C^^@^^A^^...
A funny symbol that I can't read has just been input.
Continue, and I'll forget that it ever happened.

! Text line contains an invalid character.
l.3 ...^^@^^@^^@^^@^^@^^@^^@^^C^^@^^A^^D	^^@^^A^^@
                                                  ^^^^^@^^C^^@^^C^^@^^A^^D	^...
A funny symbol that I can't read has just been input.
Continue, and I'll forget that it ever happened.

! Text line contains an invalid character.
l.3 ...^^@^^@^^@^^@^^@^^@^^C^^@^^A^^D	^^@^^A^^@^^^
                                                  ^^@^^C^^@^^C^^@^^A^^D	^^@^...
A funny symbol that I can't read has just been input.
Continue, and I'll forget that it ever happened.

! Text line contains an invalid character.
l.3 ...^^@^^@^^@^^@^^@^^C^^@^^A^^D	^^@^^A^^@^^^^^@
                                                  ^^C^^@^^C^^@^^A^^D	^^@^^B^...
A funny symbol that I can't read has just been input.
Continue, and I'll forget that it ever happened.

! Text line contains an invalid character.
l.3 ...^^@^^@^^@^^@^^C^^@^^A^^D	^^@^^A^^@^^^^^@^^C
                                                  ^^@^^C^^@^^A^^D	^^@^^B^^@^...
A funny symbol that I can't read has just been input.
Continue, and I'll forget that it ever happened.

! Text line contains an invalid character.
l.3 ...^^@^^@^^@^^C^^@^^A^^D	^^@^^A^^@^^^^^@^^C^^@
                                                  ^^C^^@^^A^^D	^^@^^B^^@^^N^...
A funny symbol that I can't read has just been input.
Continue, and I'll forget that it ever happened.

! Text line contains an invalid character.
l.3 ...^^@^^@^^C^^@^^A^^D	^^@^^A^^@^^^^^@^^C^^@^^C
                                                  ^^@^^A^^D	^^@^^B^^@^^N^^@3...
A funny symbol that I can't read has just been input.
Continue, and I'll forget that it ever happened.

! Text line contains an invalid character.
l.3 ...^^@^^C^^@^^A^^D	^^@^^A^^@^^^^^@^^C^^@^^C^^@
                                                  ^^A^^D	^^@^^B^^@^^N^^@3^^@...
A funny symbol that I can't read has just been input.
Continue, and I'll forget that it ever happened.

! Text line contains an invalid character.
l.3 ...^^C^^@^^A^^D	^^@^^A^^@^^^^^@^^C^^@^^C^^@^^A
                                                  ^^D	^^@^^B^^@^^N^^@3^^@^^C...
A funny symbol that I can't read has just been input.
Continue, and I'll forget that it ever happened.

! Text line contains an invalid character.
l.3 ...^^@^^A^^D	^^@^^A^^@^^^^^@^^C^^@^^C^^@^^A^^D
                                                  	^^@^^B^^@^^N^^@3^^@^^C^^@...
A funny symbol that I can't read has just been input.
Continue, and I'll forget that it ever happened.

! Text line contains an invalid character.
l.3 ...^A^^D	^^@^^A^^@^^^^^@^^C^^@^^C^^@^^A^^D	^^@
                                                  ^^B^^@^^N^^@3^^@^^C^^@^^A^...
A funny symbol that I can't read has just been input.
Continue, and I'll forget that it ever happened.

! Text line contains an invalid character.
l.3 ...^D	^^@^^A^^@^^^^^@^^C^^@^^C^^@^^A^^D	^^@^^B
                                                  ^^@^^N^^@3^^@^^C^^@^^A^^D	...
A funny symbol that I can't read has just been input.
Continue, and I'll forget that it ever happened.

! Text line contains an invalid character.
l.3 ...^^@^^A^^@^^^^^@^^C^^@^^C^^@^^A^^D	^^@^^B^^@
                                                  ^^N^^@3^^@^^C^^@^^A^^D	^^@...
A funny symbol that I can't read has just been input.
Continue, and I'll forget that it ever happened.

! Text line contains an invalid character.
l.3 ...^^A^^@^^^^^@^^C^^@^^C^^@^^A^^D	^^@^^B^^@^^N
                                                  ^^@3^^@^^C^^@^^A^^D	^^@^^C...
A funny symbol that I can't read has just been input.
Continue, and I'll forget that it ever happened.

! Text line contains an invalid character.
l.3 ...^^@^^^^^@^^C^^@^^C^^@^^A^^D	^^@^^B^^@^^N^^@
                                                  3^^@^^C^^@^^A^^D	^^@^^C^^@...
A funny symbol that I can't read has just been input.
Continue, and I'll forget that it ever happened.

! Text line contains an invalid character.
l.3 ...^^^^@^^C^^@^^C^^@^^A^^D	^^@^^B^^@^^N^^@3^^@
                                                  ^^C^^@^^A^^D	^^@^^C^^@T^^@...
A funny symbol that I can't read has just been input.
Continue, and I'll forget that it ever happened.

! Text line contains an invalid character.
l.3 ...^@^^C^^@^^C^^@^^A^^D	^^@^^B^^@^^N^^@3^^@^^C
                                                  ^^@^^A^^D	^^@^^C^^@T^^@K^^...
A funny symbol that I can't read has just been input.
Continue, and I'll forget that it ever happened.

! Text line contains an invalid character.
l.3 ...^C^^@^^C^^@^^A^^D	^^@^^B^^@^^N^^@3^^@^^C^^@
                                                  ^^A^^D	^^@^^C^^@T^^@K^^@^^...
A funny symbol that I can't read has just been input.
Continue, and I'll forget that it ever happened.

! Text line contains an invalid character.
l.3 ...^@^^C^^@^^A^^D	^^@^^B^^@^^N^^@3^^@^^C^^@^^A
                                                  ^^D	^^@^^C^^@T^^@K^^@^^C^^...
A funny symbol that I can't read has just been input.
Continue, and I'll forget that it ever happened.

! Text line contains an invalid character.
l.3 ...^C^^@^^A^^D	^^@^^B^^@^^N^^@3^^@^^C^^@^^A^^D
                                                  	^^@^^C^^@T^^@K^^@^^C^^@^^...
A funny symbol that I can't read has just been input.
Continue, and I'll forget that it ever happened.

! Text line contains an invalid character.
l.3 ...@^^A^^D	^^@^^B^^@^^N^^@3^^@^^C^^@^^A^^D	^^@
                                                  ^^C^^@T^^@K^^@^^C^^@^^A^^D...
A funny symbol that I can't read has just been input.
Continue, and I'll forget that it ever happened.

! Text line contains an invalid character.
l.3 ...A^^D	^^@^^B^^@^^N^^@3^^@^^C^^@^^A^^D	^^@^^C
                                                  ^^@T^^@K^^@^^C^^@^^A^^D	^^...
A funny symbol that I can't read has just been input.
Continue, and I'll forget that it ever happened.

! Text line contains an invalid character.
l.3 ...D	^^@^^B^^@^^N^^@3^^@^^C^^@^^A^^D	^^@^^C^^@
                                                  T^^@K^^@^^C^^@^^A^^D	^^@^^...
A funny symbol that I can't read has just been input.
Continue, and I'll forget that it ever happened.

! Text line contains an invalid character.
l.3 ...@^^B^^@^^N^^@3^^@^^C^^@^^A^^D	^^@^^C^^@T^^@
                                                  K^^@^^C^^@^^A^^D	^^@^^D^^@...
A funny symbol that I can't read has just been input.
Continue, and I'll forget that it ever happened.

! Text line contains an invalid character.
l.3 ...^^@^^N^^@3^^@^^C^^@^^A^^D	^^@^^C^^@T^^@K^^@
                                                  ^^C^^@^^A^^D	^^@^^D^^@^^^^...
A funny symbol that I can't read has just been input.
Continue, and I'll forget that it ever happened.

! Text line contains an invalid character.
l.3 ...^^N^^@3^^@^^C^^@^^A^^D	^^@^^C^^@T^^@K^^@^^C
                                                  ^^@^^A^^D	^^@^^D^^@^^^^^@Ì...
A funny symbol that I can't read has just been input.
Continue, and I'll forget that it ever happened.

! Text line contains an invalid character.
l.3 ...^^@3^^@^^C^^@^^A^^D	^^@^^C^^@T^^@K^^@^^C^^@
                                                  ^^A^^D	^^@^^D^^@^^^^^@Ì^^@...
A funny symbol that I can't read has just been input.
Continue, and I'll forget that it ever happened.

! Text line contains an invalid character.
l.3 ...3^^@^^C^^@^^A^^D	^^@^^C^^@T^^@K^^@^^C^^@^^A
                                                  ^^D	^^@^^D^^@^^^^^@Ì^^@^^C...
A funny symbol that I can't read has just been input.
Continue, and I'll forget that it ever happened.

! Text line contains an invalid character.
l.3 ...@^^C^^@^^A^^D	^^@^^C^^@T^^@K^^@^^C^^@^^A^^D
                                                  	^^@^^D^^@^^^^^@Ì^^@^^C^^@...
A funny symbol that I can't read has just been input.
Continue, and I'll forget that it ever happened.

! Text line contains an invalid character.
l.3 ...^^@^^A^^D	^^@^^C^^@T^^@K^^@^^C^^@^^A^^D	^^@
                                                  ^^D^^@^^^^^@Ì^^@^^C^^@^^A^...
A funny symbol that I can't read has just been input.
Continue, and I'll forget that it ever happened.

! Text line contains an invalid character.
l.3 ...^^A^^D	^^@^^C^^@T^^@K^^@^^C^^@^^A^^D	^^@^^D
                                                  ^^@^^^^^@Ì^^@^^C^^@^^A^^D	...
A funny symbol that I can't read has just been input.
Continue, and I'll forget that it ever happened.

! Text line contains an invalid character.
l.3 ...^^D	^^@^^C^^@T^^@K^^@^^C^^@^^A^^D	^^@^^D^^@
                                                  ^^^^^@Ì^^@^^C^^@^^A^^D	^^@...
A funny symbol that I can't read has just been input.
Continue, and I'll forget that it ever happened.

! Text line contains an invalid character.
l.3 ...	^^@^^C^^@T^^@K^^@^^C^^@^^A^^D	^^@^^D^^@^^^
                                                  ^^@Ì^^@^^C^^@^^A^^D	^^@^^E...
A funny symbol that I can't read has just been input.
Continue, and I'll forget that it ever happened.

! Text line contains an invalid character.
l.3 ...@^^C^^@T^^@K^^@^^C^^@^^A^^D	^^@^^D^^@^^^^^@
                                                  Ì^^@^^C^^@^^A^^D	^^@^^E^^@...
A funny symbol that I can't read has just been input.
Continue, and I'll forget that it ever happened.

! Text line contains an invalid character.
l.3 ...^^C^^@T^^@K^^@^^C^^@^^A^^D	^^@^^D^^@^^^^^@Ì
                                                  ^^@^^C^^@^^A^^D	^^@^^E^^@:...
A funny symbol that I can't read has just been input.
Continue, and I'll forget that it ever happened.

! Text line contains an invalid character.
l.3 ...^^@T^^@K^^@^^C^^@^^A^^D	^^@^^D^^@^^^^^@Ì^^@
                                                  ^^C^^@^^A^^D	^^@^^E^^@:^^@...
A funny symbol that I can't read has just been input.
Continue, and I'll forget that it ever happened.

! Text line contains an invalid character.
l.3 ...T^^@K^^@^^C^^@^^A^^D	^^@^^D^^@^^^^^@Ì^^@^^C
                                                  ^^@^^A^^D	^^@^^E^^@:^^@ü^^...
A funny symbol that I can't read has just been input.
Continue, and I'll forget that it ever happened.

! Text line contains an invalid character.
l.3 ...@K^^@^^C^^@^^A^^D	^^@^^D^^@^^^^^@Ì^^@^^C^^@
                                                  ^^A^^D	^^@^^E^^@:^^@ü^^@^^...
A funny symbol that I can't read has just been input.
Continue, and I'll forget that it ever happened.

! Text line contains an invalid character.
l.3 ...^@^^C^^@^^A^^D	^^@^^D^^@^^^^^@Ì^^@^^C^^@^^A
                                                  ^^D	^^@^^E^^@:^^@ü^^@^^C^^...
A funny symbol that I can't read has just been input.
Continue, and I'll forget that it ever happened.

! Text line contains an invalid character.
l.3 ...^C^^@^^A^^D	^^@^^D^^@^^^^^@Ì^^@^^C^^@^^A^^D
                                                  	^^@^^E^^@:^^@ü^^@^^C^^@^^...
A funny symbol that I can't read has just been input.
Continue, and I'll forget that it ever happened.

! Text line contains an invalid character.
l.3 ...@^^A^^D	^^@^^D^^@^^^^^@Ì^^@^^C^^@^^A^^D	^^@
                                                  ^^E^^@:^^@ü^^@^^C^^@^^A^^D...
A funny symbol that I can't read has just been input.
Continue, and I'll forget that it ever happened.

! Text line contains an invalid character.
l.3 ...A^^D	^^@^^D^^@^^^^^@Ì^^@^^C^^@^^A^^D	^^@^^E
                                                  ^^@:^^@ü^^@^^C^^@^^A^^D	^^...
A funny symbol that I can't read has just been input.
Continue, and I'll forget that it ever happened.

! Text line contains an invalid character.
l.3 ...D	^^@^^D^^@^^^^^@Ì^^@^^C^^@^^A^^D	^^@^^E^^@
                                                  :^^@ü^^@^^C^^@^^A^^D	^^@^^...
A funny symbol that I can't read has just been input.
Continue, and I'll forget that it ever happened.

>> OTTO.PCFF|D.FFTM.r3T.K
! Isolated expression.
<to be read again> 
                   :
l.3 ...	^^@^^D^^@^^^^^@Ì^^@^^C^^@^^A^^D	^^@^^E^^@:
                                                  ^^@ü^^@^^C^^@^^A^^D	^^@^^F...
I couldn't find an `=' or `:=' after the
expression that is shown above this error message,
so I guess I'll just ignore it and carry on.

! Extra tokens will be flushed.
<to be read again> 
                   :
l.3 ...	^^@^^D^^@^^^^^@Ì^^@^^C^^@^^A^^D	^^@^^E^^@:
                                                  ^^@ü^^@^^C^^@^^A^^D	^^@^^F...
I've just read as much of that statement as I could fathom,
so a semicolon should have been next. It's very puzzling...
but I'll try to get myself back together, by ignoring
everything up to the next `;'. Please insert a semicolon
now in front of anything that you don't want me to delete.
(See Chapter 27 of The METAFONTbook for an example.)

! Text line contains an invalid character.
l.3 ...@^^D^^@^^^^^@Ì^^@^^C^^@^^A^^D	^^@^^E^^@:^^@
                                                  ü^^@^^C^^@^^A^^D	^^@^^F^^@...
A funny symbol that I can't read has just been input.
Continue, and I'll forget that it ever happened.

! Text line contains an invalid character.
l.3 ...^^D^^@^^^^^@Ì^^@^^C^^@^^A^^D	^^@^^E^^@:^^@ü
                                                  ^^@^^C^^@^^A^^D	^^@^^F^^@^...
A funny symbol that I can't read has just been input.
Continue, and I'll forget that it ever happened.

! Text line contains an invalid character.
l.3 ...^^@^^^^^@Ì^^@^^C^^@^^A^^D	^^@^^E^^@:^^@ü^^@
                                                  ^^C^^@^^A^^D	^^@^^F^^@^^Z^...
A funny symbol that I can't read has just been input.
Continue, and I'll forget that it ever happened.

! Text line contains an invalid character.
l.3 ...^^^^^@Ì^^@^^C^^@^^A^^D	^^@^^E^^@:^^@ü^^@^^C
                                                  ^^@^^A^^D	^^@^^F^^@^^Z^^AV...
A funny symbol that I can't read has just been input.
Continue, and I'll forget that it ever happened.

! Text line contains an invalid character.
l.3 ...^^@Ì^^@^^C^^@^^A^^D	^^@^^E^^@:^^@ü^^@^^C^^@
                                                  ^^A^^D	^^@^^F^^@^^Z^^AV^^@...
A funny symbol that I can't read has just been input.
Continue, and I'll forget that it ever happened.

! Text line contains an invalid character.
l.3 ...Ì^^@^^C^^@^^A^^D	^^@^^E^^@:^^@ü^^@^^C^^@^^A
                                                  ^^D	^^@^^F^^@^^Z^^AV^^@^^@...
A funny symbol that I can't read has just been input.
Continue, and I'll forget that it ever happened.

! Text line contains an invalid character.
l.3 ...@^^C^^@^^A^^D	^^@^^E^^@:^^@ü^^@^^C^^@^^A^^D
                                                  	^^@^^F^^@^^Z^^AV^^@^^@^^@...
A funny symbol that I can't read has just been input.
Continue, and I'll forget that it ever happened.

! Text line contains an invalid character.
l.3 ...^^@^^A^^D	^^@^^E^^@:^^@ü^^@^^C^^@^^A^^D	^^@
                                                  ^^F^^@^^Z^^AV^^@^^@^^@^^@T...
A funny symbol that I can't read has just been input.
Continue, and I'll forget that it ever happened.

! Text line contains an invalid character.
l.3 ...^^A^^D	^^@^^E^^@:^^@ü^^@^^C^^@^^A^^D	^^@^^F
                                                  ^^@^^Z^^AV^^@^^@^^@^^@T^^@...
A funny symbol that I can't read has just been input.
Continue, and I'll forget that it ever happened.

! Text line contains an invalid character.
l.3 ...^^D	^^@^^E^^@:^^@ü^^@^^C^^@^^A^^D	^^@^^F^^@
                                                  ^^Z^^AV^^@^^@^^@^^@T^^@F^^...
A funny symbol that I can't read has just been input.
Continue, and I'll forget that it ever happened.

! Text line contains an invalid character.
l.3 ...	^^@^^E^^@:^^@ü^^@^^C^^@^^A^^D	^^@^^F^^@^^Z
                                                  ^^AV^^@^^@^^@^^@T^^@F^^@2^...
A funny symbol that I can't read has just been input.
Continue, and I'll forget that it ever happened.

! Text line contains an invalid character.
l.3 ...@^^E^^@:^^@ü^^@^^C^^@^^A^^D	^^@^^F^^@^^Z^^A
                                                  V^^@^^@^^@^^@T^^@F^^@2^^@ ...
A funny symbol that I can't read has just been input.
Continue, and I'll forget that it ever happened.

! Text line contains an invalid character.
l.3 ...^^@:^^@ü^^@^^C^^@^^A^^D	^^@^^F^^@^^Z^^AV^^@
                                                  ^^@^^@^^@T^^@F^^@2^^@ ^^@C...
A funny symbol that I can't read has just been input.
Continue, and I'll forget that it ever happened.

! Text line contains an invalid character.
l.3 ...:^^@ü^^@^^C^^@^^A^^D	^^@^^F^^@^^Z^^AV^^@^^@
                                                  ^^@^^@T^^@F^^@2^^@ ^^@C^^@...
A funny symbol that I can't read has just been input.
Continue, and I'll forget that it ever happened.

! Text line contains an invalid character.
l.3 ...@ü^^@^^C^^@^^A^^D	^^@^^F^^@^^Z^^AV^^@^^@^^@
                                                  ^^@T^^@F^^@2^^@ ^^@C^^@l^^...
A funny symbol that I can't read has just been input.
Continue, and I'll forget that it ever happened.

! Text line contains an invalid character.
l.3 ...^@^^C^^@^^A^^D	^^@^^F^^@^^Z^^AV^^@^^@^^@^^@
                                                  T^^@F^^@2^^@ ^^@C^^@l^^@a^...
A funny symbol that I can't read has just been input.
Continue, and I'll forget that it ever happened.

! Text line contains an invalid character.
l.3 ...C^^@^^A^^D	^^@^^F^^@^^Z^^AV^^@^^@^^@^^@T^^@
                                                  F^^@2^^@ ^^@C^^@l^^@a^^@s^...
A funny symbol that I can't read has just been input.
Continue, and I'll forget that it ever happened.

! Text line contains an invalid character.
l.3 ...^^A^^D	^^@^^F^^@^^Z^^AV^^@^^@^^@^^@T^^@F^^@
                                                  2^^@ ^^@C^^@l^^@a^^@s^^@s^...
A funny symbol that I can't read has just been input.
Continue, and I'll forget that it ever happened.

! Text line contains an invalid character.
l.3 ...^D	^^@^^F^^@^^Z^^AV^^@^^@^^@^^@T^^@F^^@2^^@
                                                   ^^@C^^@l^^@a^^@s^^@s^^@ ^...
(That makes 100 errors; please try again.)
